2018-10-13-20-00-01::< ./musica.sh &>
2018-10-13-20-00-41::< ./musica.sh &>
2018-10-13-20-01-21::< firefox &>
2018-10-13-20-01-32::< firefox &>
2018-10-13-20-01-42::< firefox &>
2018-10-13-20-01-52::< firefox &>
2018-10-13-20-02-02::< ./spooky.sh &>
2018-10-13-20-02-12::< ./spooky.sh &>
2018-10-13-20-02-22::< ./spooky.sh &>
2018-10-13-20-02-32::< ./spooky.sh &>
2018-10-13-20-02-42::< ./spooky.sh &>
2018-10-13-20-02-53::< ./spooky.sh &>
2018-10-13-20-44-06:: ./musica.sh &
2018-10-13-20-44-46:: ./musica.sh &
2018-10-13-20-45-26:: firefox &
2018-10-13-20-45-37:: firefox &
2018-10-13-20-45-47:: firefox &
2018-10-13-20-45-57:: firefox &
2018-10-13-20-46-07:: ./spooky.sh &
2018-10-13-20-46-17:: ./spooky.sh &
2018-10-13-20-46-27:: ./spooky.sh &
2018-10-13-20-46-37:: ./spooky.sh &
2018-10-13-20-46-48:: ./spooky.sh &
2018-10-13-20-46-58:: ./spooky.sh &
2018-10-13-20-52-05:: ./musica.sh &
2018-10-13-20-52-45:: ./musica.sh &
2018-10-13-20-53-25:: firefox &
2018-10-13-20-53-35:: firefox &
2018-10-13-20-53-46:: firefox &
2018-10-13-20-53-56:: firefox &
2018-10-13-20-54-06:: ./spooky.sh &
2018-10-13-20-54-16:: ./spooky.sh &
2018-10-13-20-54-26:: ./spooky.sh &
2018-10-13-20-54-36:: ./spooky.sh &
2018-10-13-20-54-46:: ./spooky.sh &
2018-10-13-20-54-56:: ./spooky.sh &
2018-10-13-20-59-01:: ./musica.sh &
2018-10-13-20-59-41:: ./musica.sh &
2018-10-13-21-00-21:: firefox &
2018-10-13-21-00-32:: firefox &
2018-10-13-21-00-42:: firefox &
2018-10-13-21-00-52:: firefox &
2018-10-13-21-01-02:: ./spooky.sh &
2018-10-13-21-01-12:: ./spooky.sh &
2018-10-13-21-01-22:: ./spooky.sh &
2018-10-13-21-01-32:: ./spooky.sh &
2018-10-13-21-01-43:: ./spooky.sh &
2018-10-13-21-01-53:: ./spooky.sh &
